2023-03-07 10:42:55,065 ERROR [RpcRequestProcessor#245] [Bolt-default-executor-2-thread-13] AYSNC process rpc request failed in RpcRequestProcessor, id=0
com.alipay.remoting.LifeCycleException: Component(RadarTcpServer) has not been started yet, please startup first!
	at com.alipay.remoting.AbstractLifeCycle.ensureStarted(AbstractLifeCycle.java:54)
	at com.alipay.remoting.rpc.RpcServer.invokeWithFuture(RpcServer.java:821)
	at com.aerosense.radar.tcp.server.RadarTcpServer.invokeAsyncWithConnection(RadarTcpServer.java:207)
	at com.aerosense.radar.tcp.server.RadarTcpServer.softRebootRadar(RadarTcpServer.java:194)
	at com.aerosense.radar.tcp.processor.RadarProtocolDataServerAsyncProcessor.handleRequest(RadarProtocolDataServerAsyncProcessor.java:51)
	at com.aerosense.radar.tcp.processor.RadarProtocolDataServerAsyncProcessor.handleRequest(RadarProtocolDataServerAsyncProcessor.java:31)
	at com.alipay.remoting.rpc.protocol.RpcRequestProcessor.dispatchToUserProcessor(RpcRequestProcessor.java:234)
	at com.alipay.remoting.rpc.protocol.RpcRequestProcessor.doProcess(RpcRequestProcessor.java:145)
	at com.alipay.remoting.rpc.protocol.RpcRequestProcessor$ProcessTask.run(RpcRequestProcessor.java:384)
	at java.base/java.util.concurrent.ThreadPoolExecutor.runWorker(ThreadPoolExecutor.java:1128)
	at java.base/java.util.concurrent.ThreadPoolExecutor$Worker.run(ThreadPoolExecutor.java:628)
	at java.base/java.lang.Thread.run(Thread.java:834)
2023-03-07 10:56:05,816 ERROR [RpcRequestProcessor#245] [Bolt-default-executor-2-thread-17] AYSNC process rpc request failed in RpcRequestProcessor, id=1
com.alipay.remoting.LifeCycleException: Component(RadarTcpServer) has not been started yet, please startup first!
	at com.alipay.remoting.AbstractLifeCycle.ensureStarted(AbstractLifeCycle.java:54)
	at com.alipay.remoting.rpc.RpcServer.invokeWithFuture(RpcServer.java:821)
	at com.aerosense.radar.tcp.server.RadarTcpServer.invokeAsyncWithConnection(RadarTcpServer.java:207)
	at com.aerosense.radar.tcp.server.RadarTcpServer.softRebootRadar(RadarTcpServer.java:194)
	at com.aerosense.radar.tcp.processor.RadarProtocolDataServerAsyncProcessor.handleRequest(RadarProtocolDataServerAsyncProcessor.java:51)
	at com.aerosense.radar.tcp.processor.RadarProtocolDataServerAsyncProcessor.handleRequest(RadarProtocolDataServerAsyncProcessor.java:31)
	at com.alipay.remoting.rpc.protocol.RpcRequestProcessor.dispatchToUserProcessor(RpcRequestProcessor.java:234)
	at com.alipay.remoting.rpc.protocol.RpcRequestProcessor.doProcess(RpcRequestProcessor.java:145)
	at com.alipay.remoting.rpc.protocol.RpcRequestProcessor$ProcessTask.run(RpcRequestProcessor.java:384)
	at java.base/java.util.concurrent.ThreadPoolExecutor.runWorker(ThreadPoolExecutor.java:1128)
	at java.base/java.util.concurrent.ThreadPoolExecutor$Worker.run(ThreadPoolExecutor.java:628)
	at java.base/java.lang.Thread.run(Thread.java:834)
2023-03-07 10:56:05,928 ERROR [RpcRequestProcessor#245] [Bolt-default-executor-2-thread-18] AYSNC process rpc request failed in RpcRequestProcessor, id=0
com.alipay.remoting.LifeCycleException: Component(RadarTcpServer) has not been started yet, please startup first!
	at com.alipay.remoting.AbstractLifeCycle.ensureStarted(AbstractLifeCycle.java:54)
	at com.alipay.remoting.rpc.RpcServer.invokeWithFuture(RpcServer.java:821)
	at com.aerosense.radar.tcp.server.RadarTcpServer.invokeAsyncWithConnection(RadarTcpServer.java:207)
	at com.aerosense.radar.tcp.server.RadarTcpServer.softRebootRadar(RadarTcpServer.java:194)
	at com.aerosense.radar.tcp.processor.RadarProtocolDataServerAsyncProcessor.handleRequest(RadarProtocolDataServerAsyncProcessor.java:51)
	at com.aerosense.radar.tcp.processor.RadarProtocolDataServerAsyncProcessor.handleRequest(RadarProtocolDataServerAsyncProcessor.java:31)
	at com.alipay.remoting.rpc.protocol.RpcRequestProcessor.dispatchToUserProcessor(RpcRequestProcessor.java:234)
	at com.alipay.remoting.rpc.protocol.RpcRequestProcessor.doProcess(RpcRequestProcessor.java:145)
	at com.alipay.remoting.rpc.protocol.RpcRequestProcessor$ProcessTask.run(RpcRequestProcessor.java:384)
	at java.base/java.util.concurrent.ThreadPoolExecutor.runWorker(ThreadPoolExecutor.java:1128)
	at java.base/java.util.concurrent.ThreadPoolExecutor$Worker.run(ThreadPoolExecutor.java:628)
	at java.base/java.lang.Thread.run(Thread.java:834)
2023-03-07 13:00:53,723 ERROR [RpcRequestProcessor#245] [Bolt-default-executor-2-thread-19] AYSNC process rpc request failed in RpcRequestProcessor, id=1
com.alipay.remoting.LifeCycleException: Component(RadarTcpServer) has not been started yet, please startup first!
	at com.alipay.remoting.AbstractLifeCycle.ensureStarted(AbstractLifeCycle.java:54)
	at com.alipay.remoting.rpc.RpcServer.invokeWithFuture(RpcServer.java:821)
	at com.aerosense.radar.tcp.server.RadarTcpServer.invokeAsyncWithConnection(RadarTcpServer.java:207)
	at com.aerosense.radar.tcp.server.RadarTcpServer.softRebootRadar(RadarTcpServer.java:194)
	at com.aerosense.radar.tcp.processor.RadarProtocolDataServerAsyncProcessor.handleRequest(RadarProtocolDataServerAsyncProcessor.java:51)
	at com.aerosense.radar.tcp.processor.RadarProtocolDataServerAsyncProcessor.handleRequest(RadarProtocolDataServerAsyncProcessor.java:31)
	at com.alipay.remoting.rpc.protocol.RpcRequestProcessor.dispatchToUserProcessor(RpcRequestProcessor.java:234)
	at com.alipay.remoting.rpc.protocol.RpcRequestProcessor.doProcess(RpcRequestProcessor.java:145)
	at com.alipay.remoting.rpc.protocol.RpcRequestProcessor$ProcessTask.run(RpcRequestProcessor.java:384)
	at java.base/java.util.concurrent.ThreadPoolExecutor.runWorker(ThreadPoolExecutor.java:1128)
	at java.base/java.util.concurrent.ThreadPoolExecutor$Worker.run(ThreadPoolExecutor.java:628)
	at java.base/java.lang.Thread.run(Thread.java:834)
2023-03-07 13:24:21,808 ERROR [RpcRequestProcessor#245] [Bolt-default-executor-2-thread-7] AYSNC process rpc request failed in RpcRequestProcessor, id=1
com.alipay.remoting.LifeCycleException: Component(RadarTcpServer) has not been started yet, please startup first!
	at com.alipay.remoting.AbstractLifeCycle.ensureStarted(AbstractLifeCycle.java:54)
	at com.alipay.remoting.rpc.RpcServer.invokeWithFuture(RpcServer.java:821)
	at com.aerosense.radar.tcp.server.RadarTcpServer.invokeAsyncWithConnection(RadarTcpServer.java:207)
	at com.aerosense.radar.tcp.server.RadarTcpServer.softRebootRadar(RadarTcpServer.java:194)
	at com.aerosense.radar.tcp.processor.RadarProtocolDataServerAsyncProcessor.handleRequest(RadarProtocolDataServerAsyncProcessor.java:51)
	at com.aerosense.radar.tcp.processor.RadarProtocolDataServerAsyncProcessor.handleRequest(RadarProtocolDataServerAsyncProcessor.java:31)
	at com.alipay.remoting.rpc.protocol.RpcRequestProcessor.dispatchToUserProcessor(RpcRequestProcessor.java:234)
	at com.alipay.remoting.rpc.protocol.RpcRequestProcessor.doProcess(RpcRequestProcessor.java:145)
	at com.alipay.remoting.rpc.protocol.RpcRequestProcessor$ProcessTask.run(RpcRequestProcessor.java:384)
	at java.base/java.util.concurrent.ThreadPoolExecutor.runWorker(ThreadPoolExecutor.java:1128)
	at java.base/java.util.concurrent.ThreadPoolExecutor$Worker.run(ThreadPoolExecutor.java:628)
	at java.base/java.lang.Thread.run(Thread.java:834)
2023-03-07 13:24:46,395 ERROR [RpcRequestProcessor#245] [Bolt-default-executor-2-thread-6] AYSNC process rpc request failed in RpcRequestProcessor, id=1
com.alipay.remoting.LifeCycleException: Component(RadarTcpServer) has not been started yet, please startup first!
	at com.alipay.remoting.AbstractLifeCycle.ensureStarted(AbstractLifeCycle.java:54)
	at com.alipay.remoting.rpc.RpcServer.invokeWithFuture(RpcServer.java:821)
	at com.aerosense.radar.tcp.server.RadarTcpServer.invokeAsyncWithConnection(RadarTcpServer.java:207)
	at com.aerosense.radar.tcp.server.RadarTcpServer.softRebootRadar(RadarTcpServer.java:194)
	at com.aerosense.radar.tcp.processor.RadarProtocolDataServerAsyncProcessor.handleRequest(RadarProtocolDataServerAsyncProcessor.java:51)
	at com.aerosense.radar.tcp.processor.RadarProtocolDataServerAsyncProcessor.handleRequest(RadarProtocolDataServerAsyncProcessor.java:31)
	at com.alipay.remoting.rpc.protocol.RpcRequestProcessor.dispatchToUserProcessor(RpcRequestProcessor.java:234)
	at com.alipay.remoting.rpc.protocol.RpcRequestProcessor.doProcess(RpcRequestProcessor.java:145)
	at com.alipay.remoting.rpc.protocol.RpcRequestProcessor$ProcessTask.run(RpcRequestProcessor.java:384)
	at java.base/java.util.concurrent.ThreadPoolExecutor.runWorker(ThreadPoolExecutor.java:1128)
	at java.base/java.util.concurrent.ThreadPoolExecutor$Worker.run(ThreadPoolExecutor.java:628)
	at java.base/java.lang.Thread.run(Thread.java:834)
2023-03-07 13:24:46,503 ERROR [RpcRequestProcessor#245] [Bolt-default-executor-2-thread-7] AYSNC process rpc request failed in RpcRequestProcessor, id=0
com.alipay.remoting.LifeCycleException: Component(RadarTcpServer) has not been started yet, please startup first!
	at com.alipay.remoting.AbstractLifeCycle.ensureStarted(AbstractLifeCycle.java:54)
	at com.alipay.remoting.rpc.RpcServer.invokeWithFuture(RpcServer.java:821)
	at com.aerosense.radar.tcp.server.RadarTcpServer.invokeAsyncWithConnection(RadarTcpServer.java:207)
	at com.aerosense.radar.tcp.server.RadarTcpServer.softRebootRadar(RadarTcpServer.java:194)
	at com.aerosense.radar.tcp.processor.RadarProtocolDataServerAsyncProcessor.handleRequest(RadarProtocolDataServerAsyncProcessor.java:51)
	at com.aerosense.radar.tcp.processor.RadarProtocolDataServerAsyncProcessor.handleRequest(RadarProtocolDataServerAsyncProcessor.java:31)
	at com.alipay.remoting.rpc.protocol.RpcRequestProcessor.dispatchToUserProcessor(RpcRequestProcessor.java:234)
	at com.alipay.remoting.rpc.protocol.RpcRequestProcessor.doProcess(RpcRequestProcessor.java:145)
	at com.alipay.remoting.rpc.protocol.RpcRequestProcessor$ProcessTask.run(RpcRequestProcessor.java:384)
	at java.base/java.util.concurrent.ThreadPoolExecutor.runWorker(ThreadPoolExecutor.java:1128)
	at java.base/java.util.concurrent.ThreadPoolExecutor$Worker.run(ThreadPoolExecutor.java:628)
	at java.base/java.lang.Thread.run(Thread.java:834)
2023-03-07 13:35:40,890 ERROR [RpcRequestProcessor#245] [Bolt-default-executor-2-thread-12] AYSNC process rpc request failed in RpcRequestProcessor, id=1
com.alipay.remoting.LifeCycleException: Component(RadarTcpServer) has not been started yet, please startup first!
	at com.alipay.remoting.AbstractLifeCycle.ensureStarted(AbstractLifeCycle.java:54)
	at com.alipay.remoting.rpc.RpcServer.invokeWithFuture(RpcServer.java:821)
	at com.aerosense.radar.tcp.server.RadarTcpServer.invokeAsyncWithConnection(RadarTcpServer.java:207)
	at com.aerosense.radar.tcp.server.RadarTcpServer.softRebootRadar(RadarTcpServer.java:194)
	at com.aerosense.radar.tcp.processor.RadarProtocolDataServerAsyncProcessor.handleRequest(RadarProtocolDataServerAsyncProcessor.java:51)
	at com.aerosense.radar.tcp.processor.RadarProtocolDataServerAsyncProcessor.handleRequest(RadarProtocolDataServerAsyncProcessor.java:31)
	at com.alipay.remoting.rpc.protocol.RpcRequestProcessor.dispatchToUserProcessor(RpcRequestProcessor.java:234)
	at com.alipay.remoting.rpc.protocol.RpcRequestProcessor.doProcess(RpcRequestProcessor.java:145)
	at com.alipay.remoting.rpc.protocol.RpcRequestProcessor$ProcessTask.run(RpcRequestProcessor.java:384)
	at java.base/java.util.concurrent.ThreadPoolExecutor.runWorker(ThreadPoolExecutor.java:1128)
	at java.base/java.util.concurrent.ThreadPoolExecutor$Worker.run(ThreadPoolExecutor.java:628)
	at java.base/java.lang.Thread.run(Thread.java:834)
2023-03-07 13:56:48,421 ERROR [RpcRequestProcessor#245] [Bolt-default-executor-2-thread-13] AYSNC process rpc request failed in RpcRequestProcessor, id=1
com.alipay.remoting.LifeCycleException: Component(RadarTcpServer) has not been started yet, please startup first!
	at com.alipay.remoting.AbstractLifeCycle.ensureStarted(AbstractLifeCycle.java:54)
	at com.alipay.remoting.rpc.RpcServer.invokeWithFuture(RpcServer.java:821)
	at com.aerosense.radar.tcp.server.RadarTcpServer.invokeAsyncWithConnection(RadarTcpServer.java:207)
	at com.aerosense.radar.tcp.server.RadarTcpServer.softRebootRadar(RadarTcpServer.java:194)
	at com.aerosense.radar.tcp.processor.RadarProtocolDataServerAsyncProcessor.handleRequest(RadarProtocolDataServerAsyncProcessor.java:51)
	at com.aerosense.radar.tcp.processor.RadarProtocolDataServerAsyncProcessor.handleRequest(RadarProtocolDataServerAsyncProcessor.java:31)
	at com.alipay.remoting.rpc.protocol.RpcRequestProcessor.dispatchToUserProcessor(RpcRequestProcessor.java:234)
	at com.alipay.remoting.rpc.protocol.RpcRequestProcessor.doProcess(RpcRequestProcessor.java:145)
	at com.alipay.remoting.rpc.protocol.RpcRequestProcessor$ProcessTask.run(RpcRequestProcessor.java:384)
	at java.base/java.util.concurrent.ThreadPoolExecutor.runWorker(ThreadPoolExecutor.java:1128)
	at java.base/java.util.concurrent.ThreadPoolExecutor$Worker.run(ThreadPoolExecutor.java:628)
	at java.base/java.lang.Thread.run(Thread.java:834)
